2023-03-18 11:21:59.250  INFO 450377 --- [SpringApplicationShutdownHook] j.LocalContainerEntityManagerFactoryBean : Closing JPA EntityManagerFactory for persistence unit 'default'
2023-03-18 11:21:59.256  INFO 450377 --- [SpringApplicationShutdownHook] .SchemaDropperImpl$DelayedDropActionImpl : HHH000477: Starting delayed evictData of schema as part of SessionFactory shut-down'
2023-03-18 11:21:59.409  INFO 450377 --- [SpringApplicationShutdownHook] com.zaxxer.hikari.HikariDataSource       : HikariPool-1 - Shutdown initiated...
2023-03-18 11:21:59.420  INFO 450377 --- [SpringApplicationShutdownHook] com.zaxxer.hikari.HikariDataSource       : HikariPool-1 - Shutdown completed.
2023-03-18 11:22:06.547  INFO 501242 --- [main] a.t.s.SpecialityAppApplication           : Starting SpecialityAppApplication using Java 11.0.17 on wpb-ubuntu with PID 501242 (/home/wbomfim/Repositórios/Projetos/Trybe/05_Aceleração-Java/10_Cadastro-Especialidades/target/classes started by wbomfim in /home/wbomfim/Repositórios/Projetos/Trybe/05_Aceleração-Java/10_Cadastro-Especialidades)
2023-03-18 11:22:06.550  INFO 501242 --- [main] a.t.s.SpecialityAppApplication           : No active profile set, falling back to 1 default profile: "default"
2023-03-18 11:22:07.151  INFO 501242 --- [main] .s.d.r.c.RepositoryConfigurationDelegate : Bootstrapping Spring Data JPA repositories in DEFAULT mode.
2023-03-18 11:22:07.202  INFO 501242 --- [main] .s.d.r.c.RepositoryConfigurationDelegate : Finished Spring Data repository scanning in 44 ms. Found 1 JPA repository interfaces.
2023-03-18 11:22:07.658  INFO 501242 --- [main] o.s.b.w.embedded.tomcat.TomcatWebServer  : Tomcat initialized with port(s): 8080 (http)
2023-03-18 11:22:07.668  INFO 501242 --- [main] o.apache.catalina.core.StandardService   : Starting service [Tomcat]
2023-03-18 11:22:07.669  INFO 501242 --- [main] org.apache.catalina.core.StandardEngine  : Starting Servlet engine: [Apache Tomcat/9.0.71]
2023-03-18 11:22:07.749  INFO 501242 --- [main] o.a.c.c.C.[Tomcat].[localhost].[/]       : Initializing Spring embedded WebApplicationContext
2023-03-18 11:22:07.749  INFO 501242 --- [main] w.s.c.ServletWebServerApplicationContext : Root WebApplicationContext: initialization completed in 1161 ms
2023-03-18 11:22:07.932  INFO 501242 --- [main] com.zaxxer.hikari.HikariDataSource       : HikariPool-1 - Starting...
2023-03-18 11:22:08.026  INFO 501242 --- [main] com.zaxxer.hikari.HikariDataSource       : HikariPool-1 - Start completed.
2023-03-18 11:22:08.060  INFO 501242 --- [main] o.hibernate.jpa.internal.util.LogHelper  : HHH000204: Processing PersistenceUnitInfo [name: default]
2023-03-18 11:22:08.090  INFO 501242 --- [main] org.hibernate.Version                    : HHH000412: Hibernate ORM core version 5.6.15.Final
2023-03-18 11:22:08.181  INFO 501242 --- [main] o.hibernate.annotations.common.Version   : HCANN000001: Hibernate Commons Annotations {5.1.2.Final}
2023-03-18 11:22:08.254  INFO 501242 --- [main] org.hibernate.dialect.Dialect            : HHH000400: Using dialect: org.hibernate.dialect.H2Dialect
2023-03-18 11:22:08.448  INFO 501242 --- [main] org.hibernate.tuple.PojoInstantiator     : HHH000182: No default (no-argument) constructor for class: app.trybe.specialityapp.model.Professional (class must be instantiated by Interceptor)
2023-03-18 11:22:08.631  INFO 501242 --- [main] o.h.e.t.j.p.i.JtaPlatformInitiator       : HHH000490: Using JtaPlatform implementation: [org.hibernate.engine.transaction.jta.platform.internal.NoJtaPlatform]
2023-03-18 11:22:08.638  INFO 501242 --- [main] j.LocalContainerEntityManagerFactoryBean : Initialized JPA EntityManagerFactory for persistence unit 'default'
2023-03-18 11:22:08.907  WARN 501242 --- [main] JpaBaseConfiguration$JpaWebConfiguration : spring.jpa.open-in-view is enabled by default. Therefore, database queries may be performed during view rendering. Explicitly configure spring.jpa.open-in-view to disable this warning
2023-03-18 11:22:09.147  INFO 501242 --- [main] o.s.b.w.embedded.tomcat.TomcatWebServer  : Tomcat started on port(s): 8080 (http) with context path ''
2023-03-18 11:22:09.157  INFO 501242 --- [main] a.t.s.SpecialityAppApplication           : Started SpecialityAppApplication in 3.095 seconds (JVM running for 3.465)
2023-03-18 11:22:10.868  INFO 501242 --- [SpringApplicationShutdownHook] j.LocalContainerEntityManagerFactoryBean : Closing JPA EntityManagerFactory for persistence unit 'default'
2023-03-18 11:22:10.870  INFO 501242 --- [SpringApplicationShutdownHook] .SchemaDropperImpl$DelayedDropActionImpl : HHH000477: Starting delayed evictData of schema as part of SessionFactory shut-down'
2023-03-18 11:22:11.019  INFO 501242 --- [SpringApplicationShutdownHook] com.zaxxer.hikari.HikariDataSource       : HikariPool-1 - Shutdown initiated...
2023-03-18 11:22:11.031  INFO 501242 --- [SpringApplicationShutdownHook] com.zaxxer.hikari.HikariDataSource       : HikariPool-1 - Shutdown completed.
2023-03-18 15:23:15.624  INFO 31318 --- [main] a.t.s.SpecialityAppApplication           : Starting SpecialityAppApplication using Java 11.0.17 on wpb-ubuntu with PID 31318 (/home/wbomfim/Repositórios/Projetos/Trybe/05_Aceleração-Java/10_Cadastro-Especialidades/target/classes started by wbomfim in /home/wbomfim/Repositórios/Projetos/Trybe/05_Aceleração-Java/10_Cadastro-Especialidades)
2023-03-18 15:23:15.628  INFO 31318 --- [main] a.t.s.SpecialityAppApplication           : No active profile set, falling back to 1 default profile: "default"
2023-03-18 15:23:16.426  INFO 31318 --- [main] .s.d.r.c.RepositoryConfigurationDelegate : Bootstrapping Spring Data JPA repositories in DEFAULT mode.
2023-03-18 15:23:16.490  INFO 31318 --- [main] .s.d.r.c.RepositoryConfigurationDelegate : Finished Spring Data repository scanning in 54 ms. Found 1 JPA repository interfaces.
2023-03-18 15:23:16.960  INFO 31318 --- [main] o.s.b.w.embedded.tomcat.TomcatWebServer  : Tomcat initialized with port(s): 8080 (http)
2023-03-18 15:23:16.972  INFO 31318 --- [main] o.apache.catalina.core.StandardService   : Starting service [Tomcat]
2023-03-18 15:23:16.972  INFO 31318 --- [main] org.apache.catalina.core.StandardEngine  : Starting Servlet engine: [Apache Tomcat/9.0.71]
2023-03-18 15:23:17.067  INFO 31318 --- [main] o.a.c.c.C.[Tomcat].[localhost].[/]       : Initializing Spring embedded WebApplicationContext
2023-03-18 15:23:17.067  INFO 31318 --- [main] w.s.c.ServletWebServerApplicationContext : Root WebApplicationContext: initialization completed in 1336 ms
2023-03-18 15:23:17.277  INFO 31318 --- [main] com.zaxxer.hikari.HikariDataSource       : HikariPool-1 - Starting...
2023-03-18 15:23:17.428  INFO 31318 --- [main] com.zaxxer.hikari.HikariDataSource       : HikariPool-1 - Start completed.
2023-03-18 15:23:17.492  INFO 31318 --- [main] o.hibernate.jpa.internal.util.LogHelper  : HHH000204: Processing PersistenceUnitInfo [name: default]
2023-03-18 15:23:17.543  INFO 31318 --- [main] org.hibernate.Version                    : HHH000412: Hibernate ORM core version 5.6.15.Final
2023-03-18 15:23:17.673  INFO 31318 --- [main] o.hibernate.annotations.common.Version   : HCANN000001: Hibernate Commons Annotations {5.1.2.Final}
2023-03-18 15:23:17.797  INFO 31318 --- [main] org.hibernate.dialect.Dialect            : HHH000400: Using dialect: org.hibernate.dialect.H2Dialect
2023-03-18 15:23:18.322  INFO 31318 --- [main] o.h.e.t.j.p.i.JtaPlatformInitiator       : HHH000490: Using JtaPlatform implementation: [org.hibernate.engine.transaction.jta.platform.internal.NoJtaPlatform]
2023-03-18 15:23:18.335  INFO 31318 --- [main] j.LocalContainerEntityManagerFactoryBean : Initialized JPA EntityManagerFactory for persistence unit 'default'
2023-03-18 15:23:18.644  WARN 31318 --- [main] JpaBaseConfiguration$JpaWebConfiguration : spring.jpa.open-in-view is enabled by default. Therefore, database queries may be performed during view rendering. Explicitly configure spring.jpa.open-in-view to disable this warning
2023-03-18 15:23:18.948  INFO 31318 --- [main] o.s.b.w.embedded.tomcat.TomcatWebServer  : Tomcat started on port(s): 8080 (http) with context path ''
2023-03-18 15:23:18.974  INFO 31318 --- [main] a.t.s.SpecialityAppApplication           : Started SpecialityAppApplication in 4.069 seconds (JVM running for 4.8)
2023-03-18 15:23:26.551  INFO 31318 --- [SpringApplicationShutdownHook] j.LocalContainerEntityManagerFactoryBean : Closing JPA EntityManagerFactory for persistence unit 'default'
2023-03-18 15:23:26.553  INFO 31318 --- [SpringApplicationShutdownHook] .SchemaDropperImpl$DelayedDropActionImpl : HHH000477: Starting delayed evictData of schema as part of SessionFactory shut-down'
2023-03-18 15:23:26.702  INFO 31318 --- [SpringApplicationShutdownHook] com.zaxxer.hikari.HikariDataSource       : HikariPool-1 - Shutdown initiated...
2023-03-18 15:23:26.710  INFO 31318 --- [SpringApplicationShutdownHook] com.zaxxer.hikari.HikariDataSource       : HikariPool-1 - Shutdown completed.
